Determining if the pthread_create exist failed with the following output:
Change Dir: /home/zm/uam_ws/src/uam_arm/cmake-build-debug/CMakeFiles/CMakeTmp

Run Build Command:"/usr/bin/make" "cmTC_ea78e/fast"
/usr/bin/make -f CMakeFiles/cmTC_ea78e.dir/build.make CMakeFiles/cmTC_ea78e.dir/build
make[1]: Entering directory '/home/zm/uam_ws/src/uam_arm/cmake-build-debug/CMakeFiles/CMakeTmp'
Building C object CMakeFiles/cmTC_ea78e.dir/CheckSymbolExists.c.o
/usr/bin/cc    -o CMakeFiles/cmTC_ea78e.dir/CheckSymbolExists.c.o   -c /home/zm/uam_ws/src/uam_arm/cmake-build-debug/CMakeFiles/CMakeTmp/CheckSymbolExists.c
Linking C executable cmTC_ea78e
/home/zm/setup/clion-2018.2.6/bin/cmake/linux/bin/cmake -E cmake_link_script CMakeFiles/cmTC_ea78e.dir/link.txt --verbose=1
/usr/bin/cc      -rdynamic CMakeFiles/cmTC_ea78e.dir/CheckSymbolExists.c.o  -o cmTC_ea78e 
CMakeFiles/cmTC_ea78e.dir/CheckSymbolExists.c.o: In function `main':
CheckSymbolExists.c:(.text+0x16): undefined reference to `pthread_create'
collect2: error: ld returned 1 exit status
CMakeFiles/cmTC_ea78e.dir/build.make:86: recipe for target 'cmTC_ea78e' failed
make[1]: *** [cmTC_ea78e] Error 1
make[1]: Leaving directory '/home/zm/uam_ws/src/uam_arm/cmake-build-debug/CMakeFiles/CMakeTmp'
Makefile:121: recipe for target 'cmTC_ea78e/fast' failed
make: *** [cmTC_ea78e/fast] Error 2

File /home/zm/uam_ws/src/uam_arm/cmake-build-debug/CMakeFiles/CMakeTmp/CheckSymbolExists.c:
/* */
#include <pthread.h>

int main(int argc, char** argv)
{
  (void)argv;
#ifndef pthread_create
  return ((int*)(&pthread_create))[argc];
#else
  (void)argc;
  return 0;
#endif
}

Determining if the function pthread_create exists in the pthreads failed with the following output:
Change Dir: /home/zm/uam_ws/src/uam_arm/cmake-build-debug/CMakeFiles/CMakeTmp

Run Build Command:"/usr/bin/make" "cmTC_13ce6/fast"
/usr/bin/make -f CMakeFiles/cmTC_13ce6.dir/build.make CMakeFiles/cmTC_13ce6.dir/build
make[1]: Entering directory '/home/zm/uam_ws/src/uam_arm/cmake-build-debug/CMakeFiles/CMakeTmp'
Building C object CMakeFiles/cmTC_13ce6.dir/CheckFunctionExists.c.o
/usr/bin/cc   -DCHECK_FUNCTION_EXISTS=pthread_create   -o CMakeFiles/cmTC_13ce6.dir/CheckFunctionExists.c.o   -c /home/zm/setup/clion-2018.2.6/bin/cmake/linux/share/cmake-3.12/Modules/CheckFunctionExists.c
Linking C executable cmTC_13ce6
/home/zm/setup/clion-2018.2.6/bin/cmake/linux/bin/cmake -E cmake_link_script CMakeFiles/cmTC_13ce6.dir/link.txt --verbose=1
/usr/bin/cc  -DCHECK_FUNCTION_EXISTS=pthread_create    -rdynamic CMakeFiles/cmTC_13ce6.dir/CheckFunctionExists.c.o  -o cmTC_13ce6 -lpthreads 
/usr/bin/ld: cannot find -lpthreads
collect2: error: ld returned 1 exit status
CMakeFiles/cmTC_13ce6.dir/build.make:86: recipe for target 'cmTC_13ce6' failed
make[1]: *** [cmTC_13ce6] Error 1
make[1]: Leaving directory '/home/zm/uam_ws/src/uam_arm/cmake-build-debug/CMakeFiles/CMakeTmp'
Makefile:121: recipe for target 'cmTC_13ce6/fast' failed
make: *** [cmTC_13ce6/fast] Error 2


